<?xml version="1.0" encoding="UTF-8"?>
<!-- Generated by org.testng.reporters.JUnitXMLReporter -->
<testsuite hostname="chaitanya-PC" ignored="0" name="DockerTest" tests="1" failures="0" timestamp="26 Mar 2022 10:49:25 GMT" time="2.393" errors="0">
  <testcase name="@BeforeMethod setup" time="0.0" classname="base.BaseTest">
    <failure type="org.openqa.selenium.SessionNotCreatedException" message="session not created: This version of ChromeDriver only supports Chrome version 87
Current browser version is 99.0.4844.82 with binary path C:\Program Files (x86)\Google\Chrome\Application\chrome.exe
Build info: version: &amp;apos;3.141.59&amp;apos;, revision: &amp;apos;e82be7d358&amp;apos;, time: &amp;apos;2018-11-14T08:17:03&amp;apos;
System info: host: &amp;apos;CHAITANYA-PC&amp;apos;, ip: &amp;apos;192.168.1.15&amp;apos;, os.name: &amp;apos;Windows 7&amp;apos;, os.arch: &amp;apos;amd64&amp;apos;, os.version: &amp;apos;6.1&amp;apos;, java.version: &amp;apos;1.8.0_221&amp;apos;
Driver info: driver.version: ChromeDriver
remote stacktrace: Backtrace:
	Ordinal0 [0x0156C0C3+3326147]
	Ordinal0 [0x01450851+2164817]
	Ordinal0 [0x012D7298+619160]
	Ordinal0 [0x01251D92+73106]
	Ordinal0 [0x0124E119+57625]
	Ordinal0 [0x0124C38A+50058]
	Ordinal0 [0x01275F3E+220990]
	Ordinal0 [0x01275CAC+220332]
	Ordinal0 [0x0127189B+202907]
	Ordinal0 [0x01253DF4+81396]
	Ordinal0 [0x01254DEE+85486]
	Ordinal0 [0x01254D79+85369]
	Ordinal0 [0x014685DC+2262492]
	GetHandleVerifier [0x016F2874+1487204]
	GetHandleVerifier [0x016F23CD+1486013]
	GetHandleVerifier [0x016FA368+1518680]
	GetHandleVerifier [0x016F2F4E+1488958]
	Ordinal0 [0x0145ED0D+2223373]
	Ordinal0 [0x0146A12B+2269483]
	Ordinal0 [0x0146A26F+2269807]
	Ordinal0 [0x0147ECB8+2354360]
	BaseThreadInitThunk [0x7522343D+18]
	RtlInitializeExceptionChain [0x77AB9812+99]
	RtlInitializeExceptionChain [0x77AB97E5+54]
">
      <![CDATA[org.openqa.selenium.SessionNotCreatedException: session not created: This version of ChromeDriver only supports Chrome version 87
Current browser version is 99.0.4844.82 with binary path C:\Program Files (x86)\Google\Chrome\Application\chrome.exe
Build info: version: '3.141.59', revision: 'e82be7d358', time: '2018-11-14T08:17:03'
System info: host: 'CHAITANYA-PC', ip: '192.168.1.15', os.name: 'Windows 7', os.arch: 'amd64', os.version: '6.1', java.version: '1.8.0_221'
Driver info: driver.version: ChromeDriver
remote stacktrace: Backtrace:
	Ordinal0 [0x0156C0C3+3326147]
	Ordinal0 [0x01450851+2164817]
	Ordinal0 [0x012D7298+619160]
	Ordinal0 [0x01251D92+73106]
	Ordinal0 [0x0124E119+57625]
	Ordinal0 [0x0124C38A+50058]
	Ordinal0 [0x01275F3E+220990]
	Ordinal0 [0x01275CAC+220332]
	Ordinal0 [0x0127189B+202907]
	Ordinal0 [0x01253DF4+81396]
	Ordinal0 [0x01254DEE+85486]
	Ordinal0 [0x01254D79+85369]
	Ordinal0 [0x014685DC+2262492]
	GetHandleVerifier [0x016F2874+1487204]
	GetHandleVerifier [0x016F23CD+1486013]
	GetHandleVerifier [0x016FA368+1518680]
	GetHandleVerifier [0x016F2F4E+1488958]
	Ordinal0 [0x0145ED0D+2223373]
	Ordinal0 [0x0146A12B+2269483]
	Ordinal0 [0x0146A26F+2269807]
	Ordinal0 [0x0147ECB8+2354360]
	BaseThreadInitThunk [0x7522343D+18]
	RtlInitializeExceptionChain [0x77AB9812+99]
	RtlInitializeExceptionChain [0x77AB97E5+54]

	at org.openqa.selenium.remote.W3CHandshakeResponse.lambda$errorHandler$0(W3CHandshakeResponse.java:62)
	at org.openqa.selenium.remote.HandshakeResponse.lambda$getResponseFunction$0(HandshakeResponse.java:30)
	at org.openqa.selenium.remote.ProtocolHandshake.lambda$createSession$0(ProtocolHandshake.java:126)
	at java.util.stream.ReferencePipeline$3$1.accept(ReferencePipeline.java:193)
	at java.util.Spliterators$ArraySpliterator.tryAdvance(Spliterators.java:958)
	at java.util.stream.ReferencePipeline.forEachWithCancel(ReferencePipeline.java:126)
	at java.util.stream.AbstractPipeline.copyIntoWithCancel(AbstractPipeline.java:499)
	at java.util.stream.AbstractPipeline.copyInto(AbstractPipeline.java:486)
	at java.util.stream.AbstractPipeline.wrapAndCopyInto(AbstractPipeline.java:472)
	at java.util.stream.FindOps$FindOp.evaluateSequential(FindOps.java:152)
	at java.util.stream.AbstractPipeline.evaluate(AbstractPipeline.java:234)
	at java.util.stream.ReferencePipeline.findFirst(ReferencePipeline.java:464)
	at org.openqa.selenium.remote.ProtocolHandshake.createSession(ProtocolHandshake.java:128)
	at org.openqa.selenium.remote.ProtocolHandshake.createSession(ProtocolHandshake.java:74)
	at org.openqa.selenium.remote.HttpCommandExecutor.execute(HttpCommandExecutor.java:136)
	at org.openqa.selenium.remote.service.DriverCommandExecutor.execute(DriverCommandExecutor.java:83)
	at org.openqa.selenium.remote.RemoteWebDriver.execute(RemoteWebDriver.java:552)
	at org.openqa.selenium.remote.RemoteWebDriver.startSession(RemoteWebDriver.java:213)
	at org.openqa.selenium.remote.RemoteWebDriver.<init>(RemoteWebDriver.java:131)
	at org.openqa.selenium.chrome.ChromeDriver.<init>(ChromeDriver.java:181)
	at org.openqa.selenium.chrome.ChromeDriver.<init>(ChromeDriver.java:168)
	at org.openqa.selenium.chrome.ChromeDriver.<init>(ChromeDriver.java:123)
	at base.BaseTest.setup(BaseTest.java:35)
	at docker.testcases.RunTestNG_docker.main(RunTestNG_docker.java:25)
... Removed 28 stack frames]]>
    </failure>
  </testcase> <!-- @BeforeMethod setup -->
  <testcase name="@AfterMethod teardown" time="0.0" classname="base.BaseTest">
    <skipped/>
  </testcase> <!-- @AfterMethod teardown -->
  <testcase name="containers_Exercise" time="0.201" classname="docker.testcases.Containers">
    <skipped/>
  </testcase> <!-- containers_Exercise -->
</testsuite> <!-- DockerTest -->
